\BOOKMARK [1][]{section.1}{\376\377\0001\000\040\000I\000n\000t\000r\000o\000d\000u\000c\000t\000i\000o\000n}{}% 1
\BOOKMARK [2][]{subsection.1.1}{\376\377\0001\000.\0001\000\040\000O\000v\000e\000r\000v\000i\000e\000w}{section.1}% 2
\BOOKMARK [2][]{subsection.1.2}{\376\377\0001\000.\0002\000\040\000A\000s\000s\000i\000g\000n\000e\000d\000\040\000O\000b\000j\000e\000c\000t\000i\000v\000e\000s}{section.1}% 3
\BOOKMARK [1][]{section.2}{\376\377\0002\000\040\000T\000h\000e\000o\000r\000e\000t\000i\000c\000a\000l\000\040\000B\000a\000c\000k\000g\000r\000o\000u\000n\000d}{}% 4
\BOOKMARK [2][]{subsection.2.1}{\376\377\0002\000.\0001\000\040\000I\000n\000t\000r\000o\000d\000u\000c\000t\000i\000o\000n\000\040\000o\000f\000\040\000t\000h\000e\000\040\000D\000E\0001\0000\000-\000S\000t\000a\000n\000d\000a\000r\000d\000\040\000B\000o\000a\000r\000d}{section.2}% 5
\BOOKMARK [3][]{subsubsection.2.1.1}{\376\377\0002\000.\0001\000.\0001\000\040\000L\000a\000y\000o\000u\000t\000\040\000a\000n\000d\000\040\000C\000o\000m\000p\000o\000n\000e\000n\000t\000s}{subsection.2.1}% 6
\BOOKMARK [3][]{subsubsection.2.1.2}{\376\377\0002\000.\0001\000.\0002\000\040\000B\000l\000o\000c\000k\000\040\000D\000i\000a\000g\000r\000a\000m\000\040\000o\000f\000\040\000t\000h\000e\000\040\000D\000E\0001\0000\000-\000S\000t\000a\000n\000d\000a\000r\000d\000\040\000B\000o\000a\000r\000d}{subsection.2.1}% 7
\BOOKMARK [2][]{subsection.2.2}{\376\377\0002\000.\0002\000\040\000D\000i\000r\000e\000c\000t\000\040\000D\000i\000g\000i\000t\000a\000l\000\040\000S\000y\000n\000t\000h\000e\000s\000i\000s\000\040\000\050\000D\000D\000S\000\051}{section.2}% 8
\BOOKMARK [2][]{subsection.2.3}{\376\377\0002\000.\0003\000\040\000P\000h\000a\000s\000e\000\040\000a\000c\000c\000u\000m\000u\000l\000a\000t\000o\000r\000\040\000a\000n\000d\000\040\000h\000o\000w\000\040\000t\000o\000\040\000g\000e\000n\000e\000r\000a\000t\000e\000\040\000w\000a\000v\000e\000f\000o\000r\000m}{section.2}% 9
\BOOKMARK [2][]{subsection.2.4}{\376\377\0002\000.\0004\000\040\000C\000o\000n\000c\000e\000p\000t\000\040\000o\000f\000\040\000W\000a\000v\000e\000f\000o\000r\000m\000\040\000G\000e\000n\000e\000r\000a\000t\000i\000o\000n}{section.2}% 10
\BOOKMARK [3][]{subsubsection.2.4.1}{\376\377\0002\000.\0004\000.\0001\000\040\000S\000i\000n\000e\000\040\000W\000a\000v\000e}{subsection.2.4}% 11
\BOOKMARK [3][]{subsubsection.2.4.2}{\376\377\0002\000.\0004\000.\0002\000\040\000E\000C\000G\000\040\000W\000a\000v\000e\000f\000o\000r\000m}{subsection.2.4}% 12
\BOOKMARK [3][]{subsubsection.2.4.3}{\376\377\0002\000.\0004\000.\0003\000\040\000S\000q\000u\000a\000r\000e\000\040\000W\000a\000v\000e}{subsection.2.4}% 13
\BOOKMARK [3][]{subsubsection.2.4.4}{\376\377\0002\000.\0004\000.\0004\000\040\000S\000a\000w\000t\000o\000o\000t\000h\000\040\000W\000a\000v\000e}{subsection.2.4}% 14
\BOOKMARK [3][]{subsubsection.2.4.5}{\376\377\0002\000.\0004\000.\0005\000\040\000T\000r\000i\000a\000n\000g\000l\000e\000\040\000W\000a\000v\000e}{subsection.2.4}% 15
\BOOKMARK [2][]{subsection.2.5}{\376\377\0002\000.\0005\000\040\000C\000o\000n\000f\000i\000g\000u\000r\000a\000t\000i\000o\000n\000\040\000f\000o\000r\000\040\000t\000h\000e\000\040\000W\000M\0008\0007\0003\0001\000\040\000A\000u\000d\000i\000o\000\040\000C\000o\000d\000e\000c}{section.2}% 16
\BOOKMARK [3][]{subsubsection.2.5.1}{\376\377\0002\000.\0005\000.\0001\000\040\000A\000u\000d\000i\000o\000\040\000C\000o\000d\000e\000c\000\040\000W\000M\0008\0007\0003\0001\000\040\000O\000v\000e\000r\000v\000i\000e\000w}{subsection.2.5}% 17
\BOOKMARK [3][]{subsubsection.2.5.2}{\376\377\0002\000.\0005\000.\0002\000\040\000R\000e\000g\000i\000s\000t\000e\000r\000\040\000C\000o\000n\000f\000i\000g\000u\000r\000a\000t\000i\000o\000n\000\040\000f\000o\000r\000\040\000W\000M\0008\0007\0003\0001}{subsection.2.5}% 18
\BOOKMARK [3][]{subsubsection.2.5.3}{\376\377\0002\000.\0005\000.\0003\000\040\000I\0002\000C\000\040\000P\000r\000o\000t\000o\000c\000o\000l}{subsection.2.5}% 19
\BOOKMARK [3][]{subsubsection.2.5.4}{\376\377\0002\000.\0005\000.\0004\000\040\000I\0002\000S\000\040\000C\000o\000m\000m\000u\000n\000i\000c\000a\000t\000i\000o\000n\000\040\000P\000r\000o\000t\000o\000c\000o\000l}{subsection.2.5}% 20
\BOOKMARK [2][]{subsection.2.6}{\376\377\0002\000.\0006\000\040\000N\000o\000i\000s\000e}{section.2}% 21
\BOOKMARK [3][]{subsubsection.2.6.1}{\376\377\0002\000.\0006\000.\0001\000\040\000L\000i\000n\000e\000a\000r\000\040\000F\000e\000e\000d\000b\000a\000c\000k\000\040\000S\000h\000i\000f\000t\000\040\000R\000e\000g\000i\000s\000t\000e\000r\000\040\000-\000\040\000L\000F\000S\000R}{subsection.2.6}% 22
\BOOKMARK [3][]{subsubsection.2.6.2}{\376\377\0002\000.\0006\000.\0002\000\040\000S\000i\000n\000e\000\040\000w\000a\000v\000e\000\040\000f\000r\000e\000q\000u\000e\000n\000c\000y}{subsection.2.6}% 23
\BOOKMARK [1][]{section.3}{\376\377\0003\000\040\000H\000a\000r\000d\000w\000a\000r\000e\000\040\000d\000e\000s\000i\000g\000n\000\040\000a\000n\000d\000\040\000I\000m\000p\000l\000e\000m\000e\000n\000t\000a\000t\000i\000o\000n}{}% 24
\BOOKMARK [2][]{subsection.3.1}{\376\377\0003\000.\0001\000\040\000M\000o\000d\000u\000l\000e\000\040\000W\000a\000v\000e\000f\000o\000r\000m\000\040\000G\000e\000n\000e\000r\000a\000t\000o\000r}{section.3}% 25
\BOOKMARK [3][]{subsubsection.3.1.1}{\376\377\0003\000.\0001\000.\0001\000\040\000M\000o\000d\000u\000l\000e\000\040\000S\000i\000n\000e\000\040\000W\000a\000v\000e\000f\000o\000r\000m}{subsection.3.1}% 26
\BOOKMARK [3][]{subsubsection.3.1.2}{\376\377\0003\000.\0001\000.\0002\000\040\000M\000o\000d\000u\000l\000e\000\040\000S\000q\000u\000a\000r\000e\000\040\000W\000a\000v\000e\000f\000o\000r\000m}{subsection.3.1}% 27
\BOOKMARK [3][]{subsubsection.3.1.3}{\376\377\0003\000.\0001\000.\0003\000\040\000M\000o\000d\000u\000l\000e\000\040\000T\000r\000i\000a\000n\000g\000l\000e\000\040\000W\000a\000v\000e\000f\000o\000r\000m}{subsection.3.1}% 28
\BOOKMARK [3][]{subsubsection.3.1.4}{\376\377\0003\000.\0001\000.\0004\000\040\000M\000o\000d\000u\000l\000e\000\040\000S\000a\000w\000t\000o\000o\000t\000h\000\040\000W\000a\000v\000e\000f\000o\000r\000m}{subsection.3.1}% 29
\BOOKMARK [3][]{subsubsection.3.1.5}{\376\377\0003\000.\0001\000.\0005\000\040\000M\000o\000d\000u\000l\000e\000\040\000E\000C\000G\000\040\000W\000a\000v\000e\000f\000o\000r\000m}{subsection.3.1}% 30
\BOOKMARK [3][]{subsubsection.3.1.6}{\376\377\0003\000.\0001\000.\0006\000\040\000M\000o\000d\000u\000l\000e\000\040\000W\000a\000v\000e\000f\000o\000r\000m\000\040\000G\000e\000n\000e\000r\000a\000t\000o\000r}{subsection.3.1}% 31
\BOOKMARK [2][]{subsection.3.2}{\376\377\0003\000.\0002\000\040\000M\000o\000d\000u\000l\000e\000\040\000N\000o\000i\000s\000e}{section.3}% 32
\BOOKMARK [2][]{subsection.3.3}{\376\377\0003\000.\0003\000\040\000M\000o\000d\000u\000l\000e\000\040\000C\000o\000n\000t\000r\000o\000l\000\040\000v\000a\000l\000u\000e}{section.3}% 33
\BOOKMARK [3][]{subsubsection.3.3.1}{\376\377\0003\000.\0003\000.\0001\000\040\000M\000o\000d\000u\000l\000e\000\040\000I\0002\000C\000\040\000t\000r\000a\000n\000s}{subsection.3.3}% 34
\BOOKMARK [3][]{subsubsection.3.3.2}{\376\377\0003\000.\0003\000.\0002\000\040\000M\000o\000d\000u\000l\000e\000\040\000A\000u\000d\000i\000o\000\040\000C\000o\000d\000e\000c\000\040\000c\000o\000n\000f\000i\000g}{subsection.3.3}% 35
\BOOKMARK [3][]{subsubsection.3.3.3}{\376\377\0003\000.\0003\000.\0003\000\040\000M\000o\000d\000u\000l\000e\000\040\000A\000u\000d\000i\000o\000\040\000C\000o\000d\000e\000c\000\040\000d\000a\000t\000a}{subsection.3.3}% 36
\BOOKMARK [1][]{section.4}{\376\377\0004\000\040\000H\000a\000r\000d\000w\000a\000r\000e\000\040\000I\000m\000p\000l\000e\000m\000e\000n\000t\000a\000t\000i\000o\000n\000\040\000R\000e\000s\000u\000l\000t\000s}{}% 37
\BOOKMARK [2][]{subsection.4.1}{\376\377\0004\000.\0001\000\040\000S\000i\000m\000u\000l\000a\000t\000i\000o\000n}{section.4}% 38
\BOOKMARK [2][]{subsection.4.2}{\376\377\0004\000.\0002\000\040\000T\000o\000p\000\040\000m\000o\000d\000u\000l\000e}{section.4}% 39
\BOOKMARK [2][]{subsection.4.3}{\376\377\0004\000.\0003\000\040\000M\000e\000a\000s\000u\000r\000e\000m\000e\000n\000t\000\040\000W\000a\000v\000e\000f\000o\000r\000m}{section.4}% 40
